<?xml version="1.0" encoding="UTF-8"?>
<!-- Generated by org.testng.reporters.JUnitXMLReporter -->
<testsuite ignored="0" hostname="JYOTHI" failures="2" tests="9" name="All tests" time="385.586" errors="0" timestamp="2023-08-31T05:50:54 IST">
  <testcase classname="testCases._05_Post_thread_reply_option_Profiles_you_follow" name="test" time="63.149"/>
  <testcase classname="testCases._01_Post_thread_500_characters" name="test" time="22.359"/>
  <testcase classname="testCases._03_Post_thread_bilingual_LTR_RTL" name="test" time="19.824">
    <failure type="java.lang.AssertionError" message="expected [ltr] but found [rtl]">
      <![CDATA[java.lang.AssertionError: expected [ltr] but found [rtl]
at testCases._03_Post_thread_bilingual_LTR_RTL.test(_03_Post_thread_bilingual_LTR_RTL.java:44)
at java.base/java.util.ArrayList.forEach(ArrayList.java:1511)
... Removed 33 stack frames]]>
    </failure>
  </testcase> <!-- test -->
  <testcase classname="testCases._02_Post_thread_501_characters" name="test" time="22.579"/>
  <testcase classname="testCases._04_Post_thread_reply_option_Anyone" name="test" time="58.403"/>
  <testcase classname="testCases._06_Post_thread_reply_option_Profiles_you_mention" name="test" time="48.971"/>
  <testcase classname="testCases._07_Like_thread_reply" name="test" time="47.422"/>
  <testcase classname="testCases._08_Delete_thread_reply" name="test" time="51.255">
    <failure type="java.lang.AssertionError" message="expected [false] but found [true]">
      <![CDATA[java.lang.AssertionError: expected [false] but found [true]
at testCases._08_Delete_thread_reply.test(_08_Delete_thread_reply.java:63)
at java.base/java.util.ArrayList.forEach(ArrayList.java:1511)
... Removed 33 stack frames]]>
    </failure>
  </testcase> <!-- test -->
  <testcase classname="testCases._09_Repost_thread_reply" name="test" time="51.391"/>
</testsuite> <!-- All tests -->
